# JRE version: OpenJDK Runtime Environment (11.0.3+7) (build 11.0.3+7-Ubuntu-1ubuntu218.10.1)
# Java VM: OpenJDK 64-Bit Server VM (11.0.3+7-Ubuntu-1ubuntu218.10.1, mixed mode, sharing, tiered, compressed oops, g1 gc, linux-amd64)
Heap:
 garbage-first heap   total 129024K, used 97042K [0x0000000084800000, 0x0000000100000000)
  region size 1024K, 73 young (74752K), 8 survivors (8192K)
 Metaspace       used 80496K, capacity 84009K, committed 84096K, reserved 1120256K
  class space    used 11608K, capacity 13420K, committed 13440K, reserved 1048576K
GC Heap History (10 events):
Event: 12.038 GC heap after
{Heap after GC invocations=6 (full 0):
 garbage-first heap   total 129024K, used 16451K [0x0000000084800000, 0x0000000100000000)
  region size 1024K, 7 young (7168K), 7 survivors (7168K)
 Metaspace       used 31257K, capacity 32289K, committed 32384K, reserved 1077248K
  class space    used 4440K, capacity 4985K, committed 4992K, reserved 1048576K
}
Event: 12.170 GC heap before
{Heap before GC invocations=6 (full 0):
 garbage-first heap   total 129024K, used 30787K [0x0000000084800000, 0x0000000100000000)
  region size 1024K, 23 young (23552K), 7 survivors (7168K)
 Metaspace       used 34481K, capacity 35721K, committed 35840K, reserved 1079296K
  class space    used 4906K, capacity 5554K, committed 5632K, reserved 1048576K
}
Event: 12.176 GC heap after
{Heap after GC invocations=7 (full 0):
 garbage-first heap   total 129024K, used 17397K [0x0000000084800000, 0x0000000100000000)
  region size 1024K, 6 young (6144K), 6 survivors (6144K)
 Metaspace       used 34481K, capacity 35721K, committed 35840K, reserved 1079296K
  class space    used 4906K, capacity 5554K, committed 5632K, reserved 1048576K
}
Event: 14.498 GC heap before
{Heap before GC invocations=8 (full 0):
 garbage-first heap   total 129024K, used 79861K [0x0000000084800000, 0x0000000100000000)
  region size 1024K, 68 young (69632K), 6 survivors (6144K)
 Metaspace       used 44568K, capacity 46285K, committed 46464K, reserved 1089536K
  class space    used 6359K, capacity 7220K, committed 7296K, reserved 1048576K
}
Event: 14.513 GC heap after
{Heap after GC invocations=9 (full 0):
 garbage-first heap   total 129024K, used 19682K [0x0000000084800000, 0x0000000100000000)
  region size 1024K, 6 young (6144K), 6 survivors (6144K)
 Metaspace       used 44568K, capacity 46285K, committed 46464K, reserved 1089536K
  class space    used 6359K, capacity 7220K, committed 7296K, reserved 1048576K
}
Event: 15.006 GC heap before
{Heap before GC invocations=9 (full 0):
 garbage-first heap   total 129024K, used 68834K [0x0000000084800000, 0x0000000100000000)
  region size 1024K, 56 young (57344K), 6 survivors (6144K)
 Metaspace       used 58002K, capacity 59783K, committed 60160K, reserved 1101824K
  class space    used 7912K, capacity 8806K, committed 8832K, reserved 1048576K
}
Event: 15.012 GC heap after
{Heap after GC invocations=10 (full 0):
 garbage-first heap   total 129024K, used 21404K [0x0000000084800000, 0x0000000100000000)
  region size 1024K, 8 young (8192K), 8 survivors (8192K)
 Metaspace       used 58002K, capacity 59783K, committed 60160K, reserved 1101824K
  class space    used 7912K, capacity 8806K, committed 8832K, reserved 1048576K
}
Event: 15.955 GC heap before
{Heap before GC invocations=11 (full 0):
 garbage-first heap   total 129024K, used 88988K [0x0000000084800000, 0x0000000100000000)
  region size 1024K, 74 young (75776K), 8 survivors (8192K)
 Metaspace       used 70168K, capacity 72594K, committed 72704K, reserved 1110016K
  class space    used 9940K, capacity 11201K, committed 11264K, reserved 1048576K
}
Event: 15.970 GC heap after
{Heap after GC invocations=12 (full 0):
 garbage-first heap   total 129024K, used 25362K [0x0000000084800000, 0x0000000100000000)
  region size 1024K, 9 young (9216K), 9 survivors (9216K)
 Metaspace       used 70168K, capacity 72594K, committed 72704K, reserved 1110016K
  class space    used 9940K, capacity 11201K, committed 11264K, reserved 1048576K
}
Event: 16.668 GC heap before
{Heap before GC invocations=12 (full 0):
 garbage-first heap   total 129024K, used 96018K [0x0000000084800000, 0x0000000100000000)
  region size 1024K, 74 young (75776K), 9 survivors (9216K)
 Metaspace       used 80496K, capacity 84009K, committed 84096K, reserved 1120256K
  class space    used 11608K, capacity 13420K, committed 13440K, reserved 1048576K
}

